d:\github\os_sysdev\lab12\os12_com\x64\debug\vc143.pdb
d:\github\os_sysdev\lab12\os12_com\x64\debug\vc143.idb
d:\github\os_sysdev\lab12\os12_com\x64\debug\registry.obj
d:\github\os_sysdev\lab12\os12_com\x64\debug\os12.obj
d:\github\os_sysdev\lab12\os12_com\x64\debug\dllmain.obj
d:\github\os_sysdev\lab12\os12_com\x64\debug\com.obj
d:\github\os_sysdev\lab12\os12_com\x64\debug\cfactory.obj
d:\github\os_sysdev\lab12\x64\debug\os12_com.dll
d:\github\os_sysdev\lab12\os12_com\x64\debug\os12_com.ilk
d:\github\os_sysdev\lab12\x64\debug\os12_com.pdb
e:\git\oslabs\lab12\os12_com\x64\debug\cfactory.obj
e:\git\oslabs\lab12\os12_com\x64\debug\com.obj
e:\git\oslabs\lab12\os12_com\x64\debug\dllmain.obj
e:\git\oslabs\lab12\os12_com\x64\debug\os12.obj
e:\git\oslabs\lab12\os12_com\x64\debug\registry.obj
e:\git\oslabs\lab12\os12_com\x64\debug\os12_com.ilk
e:\git\oslabs\lab12\os12_com\x64\debug\vc143.idb
e:\git\oslabs\lab12\os12_com\x64\debug\vc143.pdb
e:\git\oslabs\lab12\os12_com\x64\debug\os12_com.tlog\cl.command.1.tlog
e:\git\oslabs\lab12\os12_com\x64\debug\os12_com.tlog\cl.read.1.tlog
e:\git\oslabs\lab12\os12_com\x64\debug\os12_com.tlog\cl.write.1.tlog
e:\git\oslabs\lab12\os12_com\x64\debug\os12_com.tlog\link.command.1.tlog
e:\git\oslabs\lab12\os12_com\x64\debug\os12_com.tlog\link.read.1.tlog
e:\git\oslabs\lab12\os12_com\x64\debug\os12_com.tlog\link.write.1.tlog
