e:\git\oslabs\lab12\os12_com\debug\vc142.pdb
e:\git\oslabs\lab12\os12_com\debug\vc142.idb
e:\git\oslabs\lab12\os12_com\debug\registry.obj
e:\git\oslabs\lab12\os12_com\debug\mathfactory.obj
e:\git\oslabs\lab12\os12_com\debug\math.obj
e:\git\oslabs\lab12\os12_com\debug\dllmain.obj
e:\git\oslabs\lab12\os12_com\debug\os12_com.ilk
e:\git\oslabs\lab12\debug\os12_com.dll
e:\git\oslabs\lab12\debug\os12_com.pdb
e:\git\oslabs\lab12\debug\os12_com.lib
e:\git\oslabs\lab12\debug\os12_com.exp
d:\github\6_sem_osisp\labs\lab12\os12_com\debug\dllmain.obj
d:\github\6_sem_osisp\labs\lab12\os12_com\debug\math.obj
d:\github\6_sem_osisp\labs\lab12\os12_com\debug\mathfactory.obj
d:\github\6_sem_osisp\labs\lab12\os12_com\debug\registry.obj
d:\github\6_sem_osisp\labs\lab12\os12_com\debug\os12_com.ilk
d:\github\6_sem_osisp\labs\lab12\os12_com\debug\vc142.idb
d:\github\6_sem_osisp\labs\lab12\os12_com\debug\vc142.pdb
d:\github\6_sem_osisp\labs\lab12\debug\os12_com.pdb
d:\github\6_sem_osisp\labs\lab12\debug\os12_com.dll
d:\github\6_sem_osisp\labs\lab12\os12_com\debug\os12_com.tlog\cl.command.1.tlog
d:\github\6_sem_osisp\labs\lab12\os12_com\debug\os12_com.tlog\cl.read.1.tlog
d:\github\6_sem_osisp\labs\lab12\os12_com\debug\os12_com.tlog\cl.write.1.tlog
d:\github\6_sem_osisp\labs\lab12\os12_com\debug\os12_com.tlog\link.command.1.tlog
d:\github\6_sem_osisp\labs\lab12\os12_com\debug\os12_com.tlog\link.delete.1.tlog
d:\github\6_sem_osisp\labs\lab12\os12_com\debug\os12_com.tlog\link.read.1.tlog
d:\github\6_sem_osisp\labs\lab12\os12_com\debug\os12_com.tlog\link.write.1.tlog
d:\github\6_sem_osisp\labs\lab12\os12_com\debug\os12_com.tlog\os12_com.write.1u.tlog
